<?xml version="1.0" encoding="UTF-8"?>
<!-- Generated by org.testng.reporters.JUnitReportReporter -->
<testsuite hostname="DESKTOP-SQ7441U" failures="0" tests="1" name="Test_Cases.Test_exercice01" time="23.763" errors="0" timestamp="2023-04-25T11:11:56 HAE" skipped="0">
  <testcase classname="Test_Cases.Test_exercice01" name="test_endToend" time="23.763"/>
  <system-out/>
</testsuite> <!-- Test_Cases.Test_exercice01 -->
