<?xml version="1.0" encoding="UTF-8"?>
<!-- Generated by org.testng.reporters.JUnitReportReporter -->
<testsuite hostname="DESKTOP-SQ7441U" failures="0" tests="2" name="Test_Cases.Test_annotation" time="0.005" errors="0" timestamp="2023-04-24T14:19:12 HAE" skipped="0">
  <testcase classname="Test_Cases.Test_annotation" name="f1" time="0.004"/>
  <system-out/>
  <testcase classname="Test_Cases.Test_annotation" name="f2" time="0.001"/>
  <system-out/>
</testsuite> <!-- Test_Cases.Test_annotation -->
